This is pdfTeX, Version 3.14159265-2.6-1.40.18 (MiKTeX 2.9.6300 64-bit) (preloaded format=pdflatex 2017.9.9)  21 AUG 2019 16:02
entering extended mode
**./ps0.tex
(ps0.tex
LaTeX2e <2017-04-15>
Babel <3.9t> and hyphenation patterns for 76 language(s) loaded.
("A:\MiKTeX 2.9\tex\latex\exam\exam.cls"
Document Class: exam 2015/05/07 Version 2.5 by Philip Hirschhorn
("A:\MiKTeX 2.9\tex\latex\base\ifthen.sty"
Package: ifthen 2014/09/29 v1.1c Standard LaTeX ifthen package (DPC)
)
("A:\MiKTeX 2.9\tex\latex\base\article.cls"
Document Class: article 2014/09/29 v1.4h Standard LaTeX document class
("A:\MiKTeX 2.9\tex\latex\base\size11.clo"
File: size11.clo 2014/09/29 v1.4h Standard LaTeX file (size option)
)
\c@part=\count79
\c@section=\count80
\c@subsection=\count81
\c@subsubsection=\count82
\c@paragraph=\count83
\c@subparagraph=\count84
\c@figure=\count85
\c@table=\count86
\abovecaptionskip=\skip41
\belowcaptionskip=\skip42
\bibindent=\dimen102
)
\@extrawidth=\skip43
\@rightmargin=\skip44
\@extrahead=\skip45
\@extrafoot=\skip46
\run@exhd=\skip47
\fp@exhd=\skip48
\run@exft=\skip49
\fp@exft=\skip50
\covrun@exhd=\skip51
\covfp@exhd=\skip52
\covrun@exft=\skip53
\covfp@exft=\skip54
\c@num@coverpages=\count87
\c@latest@ques=\count88
\c@ques@end=\count89
\c@last@object=\count90
\c@incmp@ques=\count91
\c@next@ques=\count92
\c@next@page=\count93
\c@tmp@hlfcntr=\count94
\c@ifpos@cntr=\count95
\c@question=\count96
\c@partno=\count97
\c@subpart=\count98
\c@subsubpart=\count99
\c@choice=\count100
\c@numpoints=\count101
\c@numbonuspoints=\count102
\c@pointsof@thisquestion=\count103
\c@bonuspointsof@thisquestion=\count104
\c@numquestions=\count105
\c@numparts=\count106
\c@numsubparts=\count107
\c@numsubsubparts=\count108
\c@Curr@Page=\count109
\c@@pagepoints=\count110
\c@@pagebonuspoints=\count111
\c@pageof@pagepoints=\count112
\c@pageof@pagebonuspoints=\count113
\c@latest@points=\count114
\c@latest@bonuspoints=\count115
\pageinfo@commands=\toks14
\temp@toks=\toks15
\pagepoint@commands=\toks16
\point@toks=\toks17
\c@ques@object=\count116
\marginpointssep=\skip55
\rightpointsmargin=\skip56
\choice@toks=\toks18
\answerlinelength=\skip57
\answerskip=\skip58
\answerclearance=\skip59
\fillinlinelength=\skip60
\linefillheight=\skip61
\linefillthickness=\skip62
\dottedlinefillheight=\skip63
\gridsize=\skip64
\gridlinewidth=\skip65
\minboxheight=\skip66
\c@@iterator=\count117
\@cellwidth=\skip67
\c@tbl@points=\count118
\c@tbl@bonuspoints=\count119
\c@num@cols=\count120
\exam@box=\box26
\saved@totalleftmargin=\dimen103
\@sollistdepth=\count121
\FrameRule=\dimen104
\FrameSep=\dimen105
)
("A:\MiKTeX 2.9\tex\latex\preprint\fullpage.sty"
Package: fullpage 1999/02/23 1.1 (PWD)
\FP@margin=\skip68
)
("A:\MiKTeX 2.9\tex\latex\geometry\geometry.sty"
Package: geometry 2010/09/12 v5.6 Page Geometry

("A:\MiKTeX 2.9\tex\latex\graphics\keyval.sty"
Package: keyval 2014/10/28 v1.15 key=value parser (DPC)
\KV@toks@=\toks19
)
("A:\MiKTeX 2.9\tex\generic\oberdiek\ifpdf.sty"
Package: ifpdf 2017/03/15 v3.2 Provides the ifpdf switch
)
("A:\MiKTeX 2.9\tex\generic\oberdiek\ifvtex.sty"
Package: ifvtex 2016/05/16 v1.6 Detect VTeX and its facilities (HO)
Package ifvtex Info: VTeX not detected.
)
("A:\MiKTeX 2.9\tex\generic\ifxetex\ifxetex.sty"
Package: ifxetex 2010/09/12 v0.6 Provides ifxetex conditional
)
\Gm@cnth=\count122
\Gm@cntv=\count123
\c@Gm@tempcnt=\count124
\Gm@bindingoffset=\dimen106
\Gm@wd@mp=\dimen107
\Gm@odd@mp=\dimen108
\Gm@even@mp=\dimen109
\Gm@layoutwidth=\dimen110
\Gm@layoutheight=\dimen111
\Gm@layouthoffset=\dimen112
\Gm@layoutvoffset=\dimen113
\Gm@dimlist=\toks20

("A:\MiKTeX 2.9\tex\latex\geometry\geometry.cfg"))
("A:\MiKTeX 2.9\tex\latex\ltxmisc\relsize.sty"
Package: relsize 2003/07/04 ver 3.1
)
("A:\MiKTeX 2.9\tex\latex\base\fontenc.sty"
Package: fontenc 2017/04/05 v2.0i Standard LaTeX package

("A:\MiKTeX 2.9\tex\latex\base\t1enc.def"
File: t1enc.def 2017/04/05 v2.0i Standard LaTeX file
LaTeX Font Info:    Redeclaring font encoding T1 on input line 48.
))
("A:\MiKTeX 2.9\tex\latex\base\inputenc.sty"
Package: inputenc 2015/03/17 v1.2c Input encoding file
\inpenc@prehook=\toks21
\inpenc@posthook=\toks22

("A:\MiKTeX 2.9\tex\latex\base\latin1.def"
File: latin1.def 2015/03/17 v1.2c Input encoding file
))
("A:\MiKTeX 2.9\tex\generic\babel\babel.sty"
Package: babel 2017/04/28 3.9t The Babel package

*************************************
* Local config file bblopts.cfg used
*
("A:\MiKTeX 2.9\tex\latex\arabi\bblopts.cfg"
File: bblopts.cfg 2005/09/08 v0.1 add Arabic and Farsi to "declared" options of
 babel
)
("A:\MiKTeX 2.9\tex\latex\babel-english\english.ldf"
Language: english 2017/01/24 v3.3q English support from the babel system

("A:\MiKTeX 2.9\tex\generic\babel\babel.def"
File: babel.def 2017/04/28 3.9t Babel common definitions
\babel@savecnt=\count125
\U@D=\dimen114
)
\l@canadian = a dialect from \language\l@american 
\l@australian = a dialect from \language\l@british 
\l@newzealand = a dialect from \language\l@british 
))
("A:\MiKTeX 2.9\tex\latex\graphics\epsfig.sty"
Package: epsfig 1999/02/16 v1.7a (e)psfig emulation (SPQR)

("A:\MiKTeX 2.9\tex\latex\graphics\graphicx.sty"
Package: graphicx 2014/10/28 v1.0g Enhanced LaTeX Graphics (DPC,SPQR)

("A:\MiKTeX 2.9\tex\latex\graphics\graphics.sty"
Package: graphics 2017/04/14 v1.1b Standard LaTeX Graphics (DPC,SPQR)

("A:\MiKTeX 2.9\tex\latex\graphics\trig.sty"
Package: trig 2016/01/03 v1.10 sin cos tan (DPC)
)
("A:\MiKTeX 2.9\tex\latex\graphics-cfg\graphics.cfg"
File: graphics.cfg 2016/06/04 v1.11 sample graphics configuration
)
Package graphics Info: Driver file: pdftex.def on input line 99.

("A:\MiKTeX 2.9\tex\latex\graphics-def\pdftex.def"
File: pdftex.def 2017/01/12 v0.06k Graphics/color for pdfTeX

("A:\MiKTeX 2.9\tex\generic\oberdiek\infwarerr.sty"
Package: infwarerr 2016/05/16 v1.4 Providing info/warning/error messages (HO)
)
("A:\MiKTeX 2.9\tex\generic\oberdiek\ltxcmds.sty"
Package: ltxcmds 2016/05/16 v1.23 LaTeX kernel commands for general use (HO)
)
\Gread@gobject=\count126
))
\Gin@req@height=\dimen115
\Gin@req@width=\dimen116
)
\epsfxsize=\dimen117
\epsfysize=\dimen118
)
("A:\MiKTeX 2.9\tex\latex\wrapfig\wrapfig.sty"
\wrapoverhang=\dimen119
\WF@size=\dimen120
\c@WF@wrappedlines=\count127
\WF@box=\box27
\WF@everypar=\toks23
Package: wrapfig 2003/01/31  v 3.6
)
("A:\MiKTeX 2.9\tex\latex\subfig\subfig.sty"
Package: subfig 2005/06/28 ver: 1.3 subfig package

("A:\MiKTeX 2.9\tex\latex\caption\caption.sty"
Package: caption 2016/02/21 v3.3-144 Customizing captions (AR)

("A:\MiKTeX 2.9\tex\latex\caption\caption3.sty"
Package: caption3 2016/05/22 v1.7-166 caption3 kernel (AR)
Package caption3 Info: TeX engine: e-TeX on input line 67.
\captionmargin=\dimen121
\captionmargin@=\dimen122
\captionwidth=\dimen123
\caption@tempdima=\dimen124
\caption@indent=\dimen125
\caption@parindent=\dimen126
\caption@hangindent=\dimen127
)
\c@ContinuedFloat=\count128
Package caption Info: wrapfig package is loaded.
)
\c@KVtest=\count129
\sf@farskip=\skip69
\sf@captopadj=\dimen128
\sf@capskip=\skip70
\sf@nearskip=\skip71
\c@subfigure=\count130
\c@subfigure@save=\count131
\c@lofdepth=\count132
\c@subtable=\count133
\c@subtable@save=\count134
\c@lotdepth=\count135
\sf@top=\skip72
\sf@bottom=\skip73
)
("A:\MiKTeX 2.9\tex\latex\pgf\frontendlayer\tikz.sty"
("A:\MiKTeX 2.9\tex\latex\pgf\basiclayer\pgf.sty"
("A:\MiKTeX 2.9\tex\latex\pgf\utilities\pgfrcs.sty"
("A:\MiKTeX 2.9\tex\generic\pgf\utilities\pgfutil-common.tex"
\pgfutil@everybye=\toks24
\pgfutil@tempdima=\dimen129
\pgfutil@tempdimb=\dimen130

("A:\MiKTeX 2.9\tex\generic\pgf\utilities\pgfutil-common-lists.tex"))
("A:\MiKTeX 2.9\tex\generic\pgf\utilities\pgfutil-latex.def"
\pgfutil@abb=\box28

("A:\MiKTeX 2.9\tex\latex\ms\everyshi.sty"
Package: everyshi 2001/05/15 v3.00 EveryShipout Package (MS)
))
("A:\MiKTeX 2.9\tex\generic\pgf\utilities\pgfrcs.code.tex"
Package: pgfrcs 2015/08/07 v3.0.1a (rcs-revision 1.31)
))
Package: pgf 2015/08/07 v3.0.1a (rcs-revision 1.15)

("A:\MiKTeX 2.9\tex\latex\pgf\basiclayer\pgfcore.sty"
("A:\MiKTeX 2.9\tex\latex\pgf\systemlayer\pgfsys.sty"
("A:\MiKTeX 2.9\tex\generic\pgf\systemlayer\pgfsys.code.tex"
Package: pgfsys 2014/07/09 v3.0.1a (rcs-revision 1.48)

("A:\MiKTeX 2.9\tex\generic\pgf\utilities\pgfkeys.code.tex"
\pgfkeys@pathtoks=\toks25
\pgfkeys@temptoks=\toks26

("A:\MiKTeX 2.9\tex\generic\pgf\utilities\pgfkeysfiltered.code.tex"
\pgfkeys@tmptoks=\toks27
))
\pgf@x=\dimen131
\pgf@y=\dimen132
\pgf@xa=\dimen133
\pgf@ya=\dimen134
\pgf@xb=\dimen135
\pgf@yb=\dimen136
\pgf@xc=\dimen137
\pgf@yc=\dimen138
\w@pgf@writea=\write3
\r@pgf@reada=\read1
\c@pgf@counta=\count136
\c@pgf@countb=\count137
\c@pgf@countc=\count138
\c@pgf@countd=\count139
\t@pgf@toka=\toks28
\t@pgf@tokb=\toks29
\t@pgf@tokc=\toks30

("A:\MiKTeX 2.9\tex\generic\pgf\systemlayer\pgf.cfg"
File: pgf.cfg 2008/05/14  (rcs-revision 1.7)
)
Driver file for pgf: pgfsys-pdftex.def

("A:\MiKTeX 2.9\tex\generic\pgf\systemlayer\pgfsys-pdftex.def"
File: pgfsys-pdftex.def 2014/10/11  (rcs-revision 1.35)

("A:\MiKTeX 2.9\tex\generic\pgf\systemlayer\pgfsys-common-pdf.def"
File: pgfsys-common-pdf.def 2013/10/10  (rcs-revision 1.13)
)))
("A:\MiKTeX 2.9\tex\generic\pgf\systemlayer\pgfsyssoftpath.code.tex"
File: pgfsyssoftpath.code.tex 2013/09/09  (rcs-revision 1.9)
\pgfsyssoftpath@smallbuffer@items=\count140
\pgfsyssoftpath@bigbuffer@items=\count141
)
("A:\MiKTeX 2.9\tex\generic\pgf\systemlayer\pgfsysprotocol.code.tex"
File: pgfsysprotocol.code.tex 2006/10/16  (rcs-revision 1.4)
))
("A:\MiKTeX 2.9\tex\latex\xcolor\xcolor.sty"
Package: xcolor 2016/05/11 v2.12 LaTeX color extensions (UK)

("A:\MiKTeX 2.9\tex\latex\graphics-cfg\color.cfg"
File: color.cfg 2016/01/02 v1.6 sample color configuration
)
Package xcolor Info: Driver file: pdftex.def on input line 225.
Package xcolor Info: Model `cmy' substituted by `cmy0' on input line 1348.
Package xcolor Info: Model `hsb' substituted by `rgb' on input line 1352.
Package xcolor Info: Model `RGB' extended on input line 1364.
Package xcolor Info: Model `HTML' substituted by `rgb' on input line 1366.
Package xcolor Info: Model `Hsb' substituted by `hsb' on input line 1367.
Package xcolor Info: Model `tHsb' substituted by `hsb' on input line 1368.
Package xcolor Info: Model `HSB' substituted by `hsb' on input line 1369.
Package xcolor Info: Model `Gray' substituted by `gray' on input line 1370.
Package xcolor Info: Model `wave' substituted by `hsb' on input line 1371.
)
("A:\MiKTeX 2.9\tex\generic\pgf\basiclayer\pgfcore.code.tex"
Package: pgfcore 2010/04/11 v3.0.1a (rcs-revision 1.7)

("A:\MiKTeX 2.9\tex\generic\pgf\math\pgfmath.code.tex"
("A:\MiKTeX 2.9\tex\generic\pgf\math\pgfmathcalc.code.tex"
("A:\MiKTeX 2.9\tex\generic\pgf\math\pgfmathutil.code.tex")
("A:\MiKTeX 2.9\tex\generic\pgf\math\pgfmathparser.code.tex"
\pgfmath@dimen=\dimen139
\pgfmath@count=\count142
\pgfmath@box=\box29
\pgfmath@toks=\toks31
\pgfmath@stack@operand=\toks32
\pgfmath@stack@operation=\toks33
)
("A:\MiKTeX 2.9\tex\generic\pgf\math\pgfmathfunctions.code.tex"
("A:\MiKTeX 2.9\tex\generic\pgf\math\pgfmathfunctions.basic.code.tex")
("A:\MiKTeX 2.9\tex\generic\pgf\math\pgfmathfunctions.trigonometric.code.tex")
("A:\MiKTeX 2.9\tex\generic\pgf\math\pgfmathfunctions.random.code.tex")
("A:\MiKTeX 2.9\tex\generic\pgf\math\pgfmathfunctions.comparison.code.tex")
("A:\MiKTeX 2.9\tex\generic\pgf\math\pgfmathfunctions.base.code.tex")
("A:\MiKTeX 2.9\tex\generic\pgf\math\pgfmathfunctions.round.code.tex")
("A:\MiKTeX 2.9\tex\generic\pgf\math\pgfmathfunctions.misc.code.tex")
("A:\MiKTeX 2.9\tex\generic\pgf\math\pgfmathfunctions.integerarithmetics.code.t
ex"))) ("A:\MiKTeX 2.9\tex\generic\pgf\math\pgfmathfloat.code.tex"
\c@pgfmathroundto@lastzeros=\count143
))
("A:\MiKTeX 2.9\tex\generic\pgf\basiclayer\pgfcorepoints.code.tex"
File: pgfcorepoints.code.tex 2013/10/07  (rcs-revision 1.27)
\pgf@picminx=\dimen140
\pgf@picmaxx=\dimen141
\pgf@picminy=\dimen142
\pgf@picmaxy=\dimen143
\pgf@pathminx=\dimen144
\pgf@pathmaxx=\dimen145
\pgf@pathminy=\dimen146
\pgf@pathmaxy=\dimen147
\pgf@xx=\dimen148
\pgf@xy=\dimen149
\pgf@yx=\dimen150
\pgf@yy=\dimen151
\pgf@zx=\dimen152
\pgf@zy=\dimen153
)
("A:\MiKTeX 2.9\tex\generic\pgf\basiclayer\pgfcorepathconstruct.code.tex"
File: pgfcorepathconstruct.code.tex 2013/10/07  (rcs-revision 1.29)
\pgf@path@lastx=\dimen154
\pgf@path@lasty=\dimen155
)
("A:\MiKTeX 2.9\tex\generic\pgf\basiclayer\pgfcorepathusage.code.tex"
File: pgfcorepathusage.code.tex 2014/11/02  (rcs-revision 1.24)
\pgf@shorten@end@additional=\dimen156
\pgf@shorten@start@additional=\dimen157
)
("A:\MiKTeX 2.9\tex\generic\pgf\basiclayer\pgfcorescopes.code.tex"
File: pgfcorescopes.code.tex 2015/05/08  (rcs-revision 1.46)
\pgfpic=\box30
\pgf@hbox=\box31
\pgf@layerbox@main=\box32
\pgf@picture@serial@count=\count144
)
("A:\MiKTeX 2.9\tex\generic\pgf\basiclayer\pgfcoregraphicstate.code.tex"
File: pgfcoregraphicstate.code.tex 2014/11/02  (rcs-revision 1.12)
\pgflinewidth=\dimen158
)
("A:\MiKTeX 2.9\tex\generic\pgf\basiclayer\pgfcoretransformations.code.tex"
File: pgfcoretransformations.code.tex 2015/08/07  (rcs-revision 1.20)
\pgf@pt@x=\dimen159
\pgf@pt@y=\dimen160
\pgf@pt@temp=\dimen161
)
("A:\MiKTeX 2.9\tex\generic\pgf\basiclayer\pgfcorequick.code.tex"
File: pgfcorequick.code.tex 2008/10/09  (rcs-revision 1.3)
)
("A:\MiKTeX 2.9\tex\generic\pgf\basiclayer\pgfcoreobjects.code.tex"
File: pgfcoreobjects.code.tex 2006/10/11  (rcs-revision 1.2)
)
("A:\MiKTeX 2.9\tex\generic\pgf\basiclayer\pgfcorepathprocessing.code.tex"
File: pgfcorepathprocessing.code.tex 2013/09/09  (rcs-revision 1.9)
)
("A:\MiKTeX 2.9\tex\generic\pgf\basiclayer\pgfcorearrows.code.tex"
File: pgfcorearrows.code.tex 2015/05/14  (rcs-revision 1.43)
\pgfarrowsep=\dimen162
)
("A:\MiKTeX 2.9\tex\generic\pgf\basiclayer\pgfcoreshade.code.tex"
File: pgfcoreshade.code.tex 2013/07/15  (rcs-revision 1.15)
\pgf@max=\dimen163
\pgf@sys@shading@range@num=\count145
)
("A:\MiKTeX 2.9\tex\generic\pgf\basiclayer\pgfcoreimage.code.tex"
File: pgfcoreimage.code.tex 2013/07/15  (rcs-revision 1.18)

("A:\MiKTeX 2.9\tex\generic\pgf\basiclayer\pgfcoreexternal.code.tex"
File: pgfcoreexternal.code.tex 2014/07/09  (rcs-revision 1.21)
\pgfexternal@startupbox=\box33
))
("A:\MiKTeX 2.9\tex\generic\pgf\basiclayer\pgfcorelayers.code.tex"
File: pgfcorelayers.code.tex 2013/07/18  (rcs-revision 1.7)
)
("A:\MiKTeX 2.9\tex\generic\pgf\basiclayer\pgfcoretransparency.code.tex"
File: pgfcoretransparency.code.tex 2013/09/30  (rcs-revision 1.5)
)
("A:\MiKTeX 2.9\tex\generic\pgf\basiclayer\pgfcorepatterns.code.tex"
File: pgfcorepatterns.code.tex 2013/11/07  (rcs-revision 1.5)
)))
("A:\MiKTeX 2.9\tex\generic\pgf\modules\pgfmoduleshapes.code.tex"
File: pgfmoduleshapes.code.tex 2014/03/21  (rcs-revision 1.35)
\pgfnodeparttextbox=\box34
)
("A:\MiKTeX 2.9\tex\generic\pgf\modules\pgfmoduleplot.code.tex"
File: pgfmoduleplot.code.tex 2015/08/03  (rcs-revision 1.13)
)
("A:\MiKTeX 2.9\tex\latex\pgf\compatibility\pgfcomp-version-0-65.sty"
Package: pgfcomp-version-0-65 2007/07/03 v3.0.1a (rcs-revision 1.7)
\pgf@nodesepstart=\dimen164
\pgf@nodesepend=\dimen165
)
("A:\MiKTeX 2.9\tex\latex\pgf\compatibility\pgfcomp-version-1-18.sty"
Package: pgfcomp-version-1-18 2007/07/23 v3.0.1a (rcs-revision 1.1)
))
("A:\MiKTeX 2.9\tex\latex\pgf\utilities\pgffor.sty"
("A:\MiKTeX 2.9\tex\latex\pgf\utilities\pgfkeys.sty"
("A:\MiKTeX 2.9\tex\generic\pgf\utilities\pgfkeys.code.tex"))
("A:\MiKTeX 2.9\tex\latex\pgf\math\pgfmath.sty"
("A:\MiKTeX 2.9\tex\generic\pgf\math\pgfmath.code.tex"))
("A:\MiKTeX 2.9\tex\generic\pgf\utilities\pgffor.code.tex"
Package: pgffor 2013/12/13 v3.0.1a (rcs-revision 1.25)

("A:\MiKTeX 2.9\tex\generic\pgf\math\pgfmath.code.tex")
\pgffor@iter=\dimen166
\pgffor@skip=\dimen167
\pgffor@stack=\toks34
\pgffor@toks=\toks35
))
("A:\MiKTeX 2.9\tex\generic\pgf\frontendlayer\tikz\tikz.code.tex"
Package: tikz 2015/08/07 v3.0.1a (rcs-revision 1.151)

("A:\MiKTeX 2.9\tex\generic\pgf\libraries\pgflibraryplothandlers.code.tex"
File: pgflibraryplothandlers.code.tex 2013/08/31 v3.0.1a (rcs-revision 1.20)
\pgf@plot@mark@count=\count146
\pgfplotmarksize=\dimen168
)
\tikz@lastx=\dimen169
\tikz@lasty=\dimen170
\tikz@lastxsaved=\dimen171
\tikz@lastysaved=\dimen172
\tikzleveldistance=\dimen173
\tikzsiblingdistance=\dimen174
\tikz@figbox=\box35
\tikz@figbox@bg=\box36
\tikz@tempbox=\box37
\tikz@tempbox@bg=\box38
\tikztreelevel=\count147
\tikznumberofchildren=\count148
\tikznumberofcurrentchild=\count149
\tikz@fig@count=\count150

("A:\MiKTeX 2.9\tex\generic\pgf\modules\pgfmodulematrix.code.tex"
File: pgfmodulematrix.code.tex 2013/09/17  (rcs-revision 1.8)
\pgfmatrixcurrentrow=\count151
\pgfmatrixcurrentcolumn=\count152
\pgf@matrix@numberofcolumns=\count153
)
\tikz@expandcount=\count154

("A:\MiKTeX 2.9\tex\generic\pgf\frontendlayer\tikz\libraries\tikzlibrarytopaths
.code.tex"
File: tikzlibrarytopaths.code.tex 2008/06/17 v3.0.1a (rcs-revision 1.2)
))) ("A:\MiKTeX 2.9\tex\latex\amsmath\amsmath.sty"
Package: amsmath 2016/11/05 v2.16a AMS math features
\@mathmargin=\skip74

For additional information on amsmath, use the `?' option.
("A:\MiKTeX 2.9\tex\latex\amsmath\amstext.sty"
Package: amstext 2000/06/29 v2.01 AMS text

("A:\MiKTeX 2.9\tex\latex\amsmath\amsgen.sty"
File: amsgen.sty 1999/11/30 v2.0 generic functions
\@emptytoks=\toks36
\ex@=\dimen175
))
("A:\MiKTeX 2.9\tex\latex\amsmath\amsbsy.sty"
Package: amsbsy 1999/11/29 v1.2d Bold Symbols
\pmbraise@=\dimen176
)
("A:\MiKTeX 2.9\tex\latex\amsmath\amsopn.sty"
Package: amsopn 2016/03/08 v2.02 operator names
)
\inf@bad=\count155
LaTeX Info: Redefining \frac on input line 213.
\uproot@=\count156
\leftroot@=\count157
LaTeX Info: Redefining \overline on input line 375.
\classnum@=\count158
\DOTSCASE@=\count159
LaTeX Info: Redefining \ldots on input line 472.
LaTeX Info: Redefining \dots on input line 475.
LaTeX Info: Redefining \cdots on input line 596.
\Mathstrutbox@=\box39
\strutbox@=\box40
\big@size=\dimen177
LaTeX Font Info:    Redeclaring font encoding OML on input line 712.
LaTeX Font Info:    Redeclaring font encoding OMS on input line 713.
\macc@depth=\count160
\c@MaxMatrixCols=\count161
\dotsspace@=\muskip10
\c@parentequation=\count162
\dspbrk@lvl=\count163
\tag@help=\toks37
\row@=\count164
\column@=\count165
\maxfields@=\count166
\andhelp@=\toks38
\eqnshift@=\dimen178
\alignsep@=\dimen179
\tagshift@=\dimen180
\tagwidth@=\dimen181
\totwidth@=\dimen182
\lineht@=\dimen183
\@envbody=\toks39
\multlinegap=\skip75
\multlinetaggap=\skip76
\mathdisplay@stack=\toks40
LaTeX Info: Redefining \[ on input line 2817.
LaTeX Info: Redefining \] on input line 2818.
)
("A:\MiKTeX 2.9\tex\latex\amscls\amsthm.sty"
Package: amsthm 2015/03/04 v2.20.2
\thm@style=\toks41
\thm@bodyfont=\toks42
\thm@headfont=\toks43
\thm@notefont=\toks44
\thm@headpunct=\toks45
\thm@preskip=\skip77
\thm@postskip=\skip78
\thm@headsep=\skip79
\dth@everypar=\toks46
)
("A:\MiKTeX 2.9\tex\latex\amsfonts\amssymb.sty"
Package: amssymb 2013/01/14 v3.01 AMS font symbols

("A:\MiKTeX 2.9\tex\latex\amsfonts\amsfonts.sty"
Package: amsfonts 2013/01/14 v3.01 Basic AMSFonts support
\symAMSa=\mathgroup4
\symAMSb=\mathgroup5
LaTeX Font Info:    Overwriting math alphabet `\mathfrak' in version `bold'
(Font)                  U/euf/m/n --> U/euf/b/n on input line 106.
))
("A:\MiKTeX 2.9\tex\latex\base\textcomp.sty"
Package: textcomp 2017/04/05 v2.0i Standard LaTeX package
Package textcomp Info: Sub-encoding information:
(textcomp)               5 = only ISO-Adobe without \textcurrency
(textcomp)               4 = 5 + \texteuro
(textcomp)               3 = 4 + \textohm
(textcomp)               2 = 3 + \textestimated + \textcurrency
(textcomp)               1 = TS1 - \textcircled - \t
(textcomp)               0 = TS1 (full)
(textcomp)             Font families with sub-encoding setting implement
(textcomp)             only a restricted character set as indicated.
(textcomp)             Family '?' is the default used for unknown fonts.
(textcomp)             See the documentation for details.
Package textcomp Info: Setting ? sub-encoding to TS1/1 on input line 79.

("A:\MiKTeX 2.9\tex\latex\base\ts1enc.def"
File: ts1enc.def 2001/06/05 v3.0e (jk/car/fm) Standard LaTeX file
)
LaTeX Info: Redefining \oldstylenums on input line 334.
Package textcomp Info: Setting cmr sub-encoding to TS1/0 on input line 349.
Package textcomp Info: Setting cmss sub-encoding to TS1/0 on input line 350.
Package textcomp Info: Setting cmtt sub-encoding to TS1/0 on input line 351.
Package textcomp Info: Setting cmvtt sub-encoding to TS1/0 on input line 352.
Package textcomp Info: Setting cmbr sub-encoding to TS1/0 on input line 353.
Package textcomp Info: Setting cmtl sub-encoding to TS1/0 on input line 354.
Package textcomp Info: Setting ccr sub-encoding to TS1/0 on input line 355.
Package textcomp Info: Setting ptm sub-encoding to TS1/4 on input line 356.
Package textcomp Info: Setting pcr sub-encoding to TS1/4 on input line 357.
Package textcomp Info: Setting phv sub-encoding to TS1/4 on input line 358.
Package textcomp Info: Setting ppl sub-encoding to TS1/3 on input line 359.
Package textcomp Info: Setting pag sub-encoding to TS1/4 on input line 360.
Package textcomp Info: Setting pbk sub-encoding to TS1/4 on input line 361.
Package textcomp Info: Setting pnc sub-encoding to TS1/4 on input line 362.
Package textcomp Info: Setting pzc sub-encoding to TS1/4 on input line 363.
Package textcomp Info: Setting bch sub-encoding to TS1/4 on input line 364.
Package textcomp Info: Setting put sub-encoding to TS1/5 on input line 365.
Package textcomp Info: Setting uag sub-encoding to TS1/5 on input line 366.
Package textcomp Info: Setting ugq sub-encoding to TS1/5 on input line 367.
Package textcomp Info: Setting ul8 sub-encoding to TS1/4 on input line 368.
Package textcomp Info: Setting ul9 sub-encoding to TS1/4 on input line 369.
Package textcomp Info: Setting augie sub-encoding to TS1/5 on input line 370.
Package textcomp Info: Setting dayrom sub-encoding to TS1/3 on input line 371.
Package textcomp Info: Setting dayroms sub-encoding to TS1/3 on input line 372.

Package textcomp Info: Setting pxr sub-encoding to TS1/0 on input line 373.
Package textcomp Info: Setting pxss sub-encoding to TS1/0 on input line 374.
Package textcomp Info: Setting pxtt sub-encoding to TS1/0 on input line 375.
Package textcomp Info: Setting txr sub-encoding to TS1/0 on input line 376.
Package textcomp Info: Setting txss sub-encoding to TS1/0 on input line 377.
Package textcomp Info: Setting txtt sub-encoding to TS1/0 on input line 378.
Package textcomp Info: Setting lmr sub-encoding to TS1/0 on input line 379.
Package textcomp Info: Setting lmdh sub-encoding to TS1/0 on input line 380.
Package textcomp Info: Setting lmss sub-encoding to TS1/0 on input line 381.
Package textcomp Info: Setting lmssq sub-encoding to TS1/0 on input line 382.
Package textcomp Info: Setting lmvtt sub-encoding to TS1/0 on input line 383.
Package textcomp Info: Setting lmtt sub-encoding to TS1/0 on input line 384.
Package textcomp Info: Setting qhv sub-encoding to TS1/0 on input line 385.
Package textcomp Info: Setting qag sub-encoding to TS1/0 on input line 386.
Package textcomp Info: Setting qbk sub-encoding to TS1/0 on input line 387.
Package textcomp Info: Setting qcr sub-encoding to TS1/0 on input line 388.
Package textcomp Info: Setting qcs sub-encoding to TS1/0 on input line 389.
Package textcomp Info: Setting qpl sub-encoding to TS1/0 on input line 390.
Package textcomp Info: Setting qtm sub-encoding to TS1/0 on input line 391.
Package textcomp Info: Setting qzc sub-encoding to TS1/0 on input line 392.
Package textcomp Info: Setting qhvc sub-encoding to TS1/0 on input line 393.
Package textcomp Info: Setting futs sub-encoding to TS1/4 on input line 394.
Package textcomp Info: Setting futx sub-encoding to TS1/4 on input line 395.
Package textcomp Info: Setting futj sub-encoding to TS1/4 on input line 396.
Package textcomp Info: Setting hlh sub-encoding to TS1/3 on input line 397.
Package textcomp Info: Setting hls sub-encoding to TS1/3 on input line 398.
Package textcomp Info: Setting hlst sub-encoding to TS1/3 on input line 399.
Package textcomp Info: Setting hlct sub-encoding to TS1/5 on input line 400.
Package textcomp Info: Setting hlx sub-encoding to TS1/5 on input line 401.
Package textcomp Info: Setting hlce sub-encoding to TS1/5 on input line 402.
Package textcomp Info: Setting hlcn sub-encoding to TS1/5 on input line 403.
Package textcomp Info: Setting hlcw sub-encoding to TS1/5 on input line 404.
Package textcomp Info: Setting hlcf sub-encoding to TS1/5 on input line 405.
Package textcomp Info: Setting pplx sub-encoding to TS1/3 on input line 406.
Package textcomp Info: Setting pplj sub-encoding to TS1/3 on input line 407.
Package textcomp Info: Setting ptmx sub-encoding to TS1/4 on input line 408.
Package textcomp Info: Setting ptmj sub-encoding to TS1/4 on input line 409.
)
("A:\MiKTeX 2.9\tex\latex\stmaryrd\stmaryrd.sty"
Package: stmaryrd 1994/03/03 St Mary's Road symbol package
\symstmry=\mathgroup6
LaTeX Font Info:    Overwriting symbol font `stmry' in version `bold'
(Font)                  U/stmry/m/n --> U/stmry/b/n on input line 89.
)
("A:\MiKTeX 2.9\tex\latex\was\upgreek.sty"
Package: upgreek 2003/02/12 v2.0 (WaS)
Package upgreek Info: Using Euler Roman for upright Greek on input line 31.
\symugrf@m=\mathgroup7
LaTeX Font Info:    Overwriting symbol font `ugrf@m' in version `bold'
(Font)                  U/eur/m/n --> U/eur/b/n on input line 38.
)
("A:\MiKTeX 2.9\tex\latex\tools\bm.sty"
Package: bm 2017/01/16 v1.2c Bold Symbol Support (DPC/FMi)
\symboldoperators=\mathgroup8
\symboldletters=\mathgroup9
\symboldsymbols=\mathgroup10
\symboldstmry=\mathgroup11
LaTeX Font Info:    Redeclaring math alphabet \mathbf on input line 141.
LaTeX Info: Redefining \bm on input line 207.
)
("A:\MiKTeX 2.9\tex\latex\cases\cases.sty"
Package: cases 2002/05/02 ver 2.5 
)
("A:\MiKTeX 2.9\tex\latex\listings\listings.sty"
\lst@mode=\count167
\lst@gtempboxa=\box41
\lst@token=\toks47
\lst@length=\count168
\lst@currlwidth=\dimen184
\lst@column=\count169
\lst@pos=\count170
\lst@lostspace=\dimen185
\lst@width=\dimen186
\lst@newlines=\count171
\lst@lineno=\count172
\lst@maxwidth=\dimen187

("A:\MiKTeX 2.9\tex\latex\listings\lstmisc.sty"
File: lstmisc.sty 2015/06/04 1.6 (Carsten Heinz)
\c@lstnumber=\count173
\lst@skipnumbers=\count174
\lst@framebox=\box42
)
("A:\MiKTeX 2.9\tex\latex\listings\listings.cfg"
File: listings.cfg 2015/06/04 1.6 listings configuration
))
Package: listings 2015/06/04 1.6 (Carsten Heinz)

("A:\MiKTeX 2.9\tex\latex\url\url.sty"
\Urlmuskip=\muskip11
Package: url 2013/09/16  ver 3.4  Verb mode for urls, etc.
)
("A:\MiKTeX 2.9\tex\latex\breakurl\breakurl.sty"
Package: breakurl 2013/04/10 v1.40 Breakable hyperref URLs

("A:\MiKTeX 2.9\tex\latex\xkeyval\xkeyval.sty"
Package: xkeyval 2014/12/03 v2.7a package option processing (HA)

("A:\MiKTeX 2.9\tex\generic\xkeyval\xkeyval.tex"
("A:\MiKTeX 2.9\tex\generic\xkeyval\xkvutils.tex"
\XKV@toks=\toks48
\XKV@tempa@toks=\toks49
)
\XKV@depth=\count175
File: xkeyval.tex 2014/12/03 v2.7a key=value parser (HA)
))

Package breakurl Warning: You are using breakurl while processing via pdflatex.

(breakurl)                \burl will be just a synonym of \url.
(breakurl)                 on input line 48.

) ("A:\MiKTeX 2.9\tex\latex\hyperref\hyperref.sty"
Package: hyperref 2017/03/14 v6.85a Hypertext links for LaTeX

("A:\MiKTeX 2.9\tex\generic\oberdiek\hobsub-hyperref.sty"
Package: hobsub-hyperref 2016/05/16 v1.14 Bundle oberdiek, subset hyperref (HO)


("A:\MiKTeX 2.9\tex\generic\oberdiek\hobsub-generic.sty"
Package: hobsub-generic 2016/05/16 v1.14 Bundle oberdiek, subset generic (HO)
Package: hobsub 2016/05/16 v1.14 Construct package bundles (HO)
Package hobsub Info: Skipping package `infwarerr' (already loaded).
Package hobsub Info: Skipping package `ltxcmds' (already loaded).
Package: ifluatex 2016/05/16 v1.4 Provides the ifluatex switch (HO)
Package ifluatex Info: LuaTeX not detected.
Package hobsub Info: Skipping package `ifvtex' (already loaded).
Package: intcalc 2016/05/16 v1.2 Expandable calculations with integers (HO)
Package hobsub Info: Skipping package `ifpdf' (already loaded).
Package: etexcmds 2016/05/16 v1.6 Avoid name clashes with e-TeX commands (HO)
Package etexcmds Info: Could not find \expanded.
(etexcmds)             That can mean that you are not using pdfTeX 1.50 or
(etexcmds)             that some package has redefined \expanded.
(etexcmds)             In the latter case, load this package earlier.
Package: kvsetkeys 2016/05/16 v1.17 Key value parser (HO)
Package: kvdefinekeys 2016/05/16 v1.4 Define keys (HO)
Package: pdftexcmds 2017/03/19 v0.25 Utility functions of pdfTeX for LuaTeX (HO
)
Package pdftexcmds Info: LuaTeX not detected.
Package pdftexcmds Info: \pdf@primitive is available.
Package pdftexcmds Info: \pdf@ifprimitive is available.
Package pdftexcmds Info: \pdfdraftmode found.
Package: pdfescape 2016/05/16 v1.14 Implements pdfTeX's escape features (HO)
Package: bigintcalc 2016/05/16 v1.4 Expandable calculations on big integers (HO
)
Package: bitset 2016/05/16 v1.2 Handle bit-vector datatype (HO)
Package: uniquecounter 2016/05/16 v1.3 Provide unlimited unique counter (HO)
)
Package hobsub Info: Skipping package `hobsub' (already loaded).
Package: letltxmacro 2016/05/16 v1.5 Let assignment for LaTeX macros (HO)
Package: hopatch 2016/05/16 v1.3 Wrapper for package hooks (HO)
Package: xcolor-patch 2016/05/16 xcolor patch
Package: atveryend 2016/05/16 v1.9 Hooks at the very end of document (HO)
Package atveryend Info: \enddocument detected (standard20110627).
Package: atbegshi 2016/06/09 v1.18 At begin shipout hook (HO)
Package: refcount 2016/05/16 v3.5 Data extraction from label references (HO)
Package: hycolor 2016/05/16 v1.8 Color options for hyperref/bookmark (HO)
)
("A:\MiKTeX 2.9\tex\latex\oberdiek\auxhook.sty"
Package: auxhook 2016/05/16 v1.4 Hooks for auxiliary files (HO)
)
("A:\MiKTeX 2.9\tex\latex\oberdiek\kvoptions.sty"
Package: kvoptions 2016/05/16 v3.12 Key value format for package options (HO)
)
\@linkdim=\dimen188
\Hy@linkcounter=\count176
\Hy@pagecounter=\count177

("A:\MiKTeX 2.9\tex\latex\hyperref\pd1enc.def"
File: pd1enc.def 2017/03/14 v6.85a Hyperref: PDFDocEncoding definition (HO)
)
\Hy@SavedSpaceFactor=\count178

("A:\MiKTeX 2.9\tex\latex\00miktex\hyperref.cfg"
File: hyperref.cfg 2002/06/06 v1.2 hyperref configuration of TeXLive
)
Package hyperref Info: Option `colorlinks' set `true' on input line 4374.
Package hyperref Info: Hyper figures OFF on input line 4498.
Package hyperref Info: Link nesting OFF on input line 4503.
Package hyperref Info: Hyper index ON on input line 4506.
Package hyperref Info: Plain pages OFF on input line 4513.
Package hyperref Info: Backreferencing OFF on input line 4518.
Package hyperref Info: Implicit mode ON; LaTeX internals redefined.
Package hyperref Info: Bookmarks ON on input line 4751.
\c@Hy@tempcnt=\count179
LaTeX Info: Redefining \url on input line 5104.
\XeTeXLinkMargin=\dimen189
\Fld@menulength=\count180
\Field@Width=\dimen190
\Fld@charsize=\dimen191
Package hyperref Info: Hyper figures OFF on input line 6358.
Package hyperref Info: Link nesting OFF on input line 6363.
Package hyperref Info: Hyper index ON on input line 6366.
Package hyperref Info: backreferencing OFF on input line 6373.
Package hyperref Info: Link coloring ON on input line 6376.
Package hyperref Info: Link coloring with OCG OFF on input line 6383.
Package hyperref Info: PDF/A mode OFF on input line 6388.
LaTeX Info: Redefining \ref on input line 6428.
LaTeX Info: Redefining \pageref on input line 6432.
\Hy@abspage=\count181
\c@Item=\count182
\c@Hfootnote=\count183
)

Package hyperref Message: Driver (autodetected): hpdftex.

("A:\MiKTeX 2.9\tex\latex\hyperref\hpdftex.def"
File: hpdftex.def 2017/03/14 v6.85a Hyperref driver for pdfTeX
\Fld@listcount=\count184
\c@bookmark@seq@number=\count185

("A:\MiKTeX 2.9\tex\latex\oberdiek\rerunfilecheck.sty"
Package: rerunfilecheck 2016/05/16 v1.8 Rerun checks for auxiliary files (HO)
Package uniquecounter Info: New unique counter `rerunfilecheck' on input line 2
82.
)
\Hy@SectionHShift=\skip80
)
("A:\MiKTeX 2.9\tex\latex\tools\xspace.sty"
Package: xspace 2014/10/28 v1.13 Space after command names (DPC,MH)
)
("A:\MiKTeX 2.9\tex\latex\comment\comment.sty"
\CommentStream=\write4
 Excluding comment 'comment')
("A:\MiKTeX 2.9\tex\latex\tools\afterpage.sty"
Package: afterpage 2014/10/28 v1.08 After-Page Package (DPC)
\AP@output=\toks50
\AP@partial=\box43
\AP@footins=\box44
)
("A:\MiKTeX 2.9\tex\latex\ulem\ulem.sty"
\UL@box=\box45
\UL@hyphenbox=\box46
\UL@skip=\skip81
\UL@hook=\toks51
\UL@height=\dimen192
\UL@pe=\count186
\UL@pixel=\dimen193
\ULC@box=\box47
Package: ulem 2012/05/18
\ULdepth=\dimen194
)
("A:\MiKTeX 2.9\tex\latex\enumitem\enumitem.sty"
Package: enumitem 2011/09/28 v3.5.2 Customized lists
\labelindent=\skip82
\enit@outerparindent=\dimen195
\enit@toks=\toks52
\enit@inbox=\box48
\enitdp@description=\count187
)
("A:\MiKTeX 2.9\tex\latex\l3packages\xparse\xparse.sty"
("A:\MiKTeX 2.9\tex\latex\l3kernel\expl3.sty"
Package: expl3 2017/05/13 L3 programming layer (loader) 

("A:\MiKTeX 2.9\tex\latex\l3kernel\expl3-code.tex"
Package: expl3 2017/05/13 L3 programming layer (code)
\c_max_int=\count188
\l_tmpa_int=\count189
\l_tmpb_int=\count190
\g_tmpa_int=\count191
\g_tmpb_int=\count192
\g__prg_map_int=\count193
\c_log_iow=\count194
\l_iow_line_count_int=\count195
\l__iow_line_target_int=\count196
\l__iow_one_indent_int=\count197
\l__iow_indent_int=\count198
\c_zero_dim=\dimen196
\c_max_dim=\dimen197
\l_tmpa_dim=\dimen198
\l_tmpb_dim=\dimen199
\g_tmpa_dim=\dimen256
\g_tmpb_dim=\dimen257
\c_zero_skip=\skip83
\c_max_skip=\skip84
\l_tmpa_skip=\skip85
\l_tmpb_skip=\skip86
\g_tmpa_skip=\skip87
\g_tmpb_skip=\skip88
\c_zero_muskip=\muskip12
\c_max_muskip=\muskip13
\l_tmpa_muskip=\muskip14
\l_tmpb_muskip=\muskip15
\g_tmpa_muskip=\muskip16
\g_tmpb_muskip=\muskip17
\l_keys_choice_int=\count199
\c__fp_leading_shift_int=\count266
\c__fp_middle_shift_int=\count267
\c__fp_trailing_shift_int=\count268
\c__fp_big_leading_shift_int=\count269
\c__fp_big_middle_shift_int=\count270
\c__fp_big_trailing_shift_int=\count271
\c__fp_Bigg_leading_shift_int=\count272
\c__fp_Bigg_middle_shift_int=\count273
\c__fp_Bigg_trailing_shift_int=\count274
\c__fp_rand_size_int=\count275
\c__fp_rand_four_int=\count276
\c__fp_rand_eight_int=\count277
\l__sort_length_int=\count278
\l__sort_min_int=\count279
\l__sort_top_int=\count280
\l__sort_max_int=\count281
\l__sort_true_max_int=\count282
\l__sort_block_int=\count283
\l__sort_begin_int=\count284
\l__sort_end_int=\count285
\l__sort_A_int=\count286
\l__sort_B_int=\count287
\l__sort_C_int=\count288
\c_empty_box=\box49
\l_tmpa_box=\box50
\l_tmpb_box=\box51
\g_tmpa_box=\box52
\g_tmpb_box=\box53
\l__box_top_dim=\dimen258
\l__box_bottom_dim=\dimen259
\l__box_left_dim=\dimen260
\l__box_right_dim=\dimen261
\l__box_top_new_dim=\dimen262
\l__box_bottom_new_dim=\dimen263
\l__box_left_new_dim=\dimen264
\l__box_right_new_dim=\dimen265
\l__box_internal_box=\box54
\l__coffin_internal_box=\box55
\l__coffin_internal_dim=\dimen266
\l__coffin_offset_x_dim=\dimen267
\l__coffin_offset_y_dim=\dimen268
\l__coffin_x_dim=\dimen269
\l__coffin_y_dim=\dimen270
\l__coffin_x_prime_dim=\dimen271
\l__coffin_y_prime_dim=\dimen272
\c_empty_coffin=\box56
\l__coffin_aligned_coffin=\box57
\l__coffin_aligned_internal_coffin=\box58
\l_tmpa_coffin=\box59
\l_tmpb_coffin=\box60
\l__coffin_display_coffin=\box61
\l__coffin_display_coord_coffin=\box62
\l__coffin_display_pole_coffin=\box63
\l__coffin_display_offset_dim=\dimen273
\l__coffin_display_x_dim=\dimen274
\l__coffin_display_y_dim=\dimen275
\l__coffin_bounding_shift_dim=\dimen276
\l__coffin_left_corner_dim=\dimen277
\l__coffin_right_corner_dim=\dimen278
\l__coffin_bottom_corner_dim=\dimen279
\l__coffin_top_corner_dim=\dimen280
\l__coffin_scaled_total_height_dim=\dimen281
\l__coffin_scaled_width_dim=\dimen282
)
("A:\MiKTeX 2.9\tex\latex\l3kernel\l3pdfmode.def"
File: l3pdfmode.def 2017/03/18 v L3 Experimental driver: PDF mode
\l__driver_color_stack_int=\count289
\l__driver_tmp_box=\box64
))
Package: xparse 2017/05/13 L3 Experimental document command parser
\l__xparse_current_arg_int=\count290
\g__xparse_grabber_int=\count291
\l__xparse_m_args_int=\count292
\l__xparse_mandatory_args_int=\count293
\l__xparse_v_nesting_int=\count294
) (mysymbols.sty
("A:\MiKTeX 2.9\tex\latex\eso-pic\eso-pic.sty"
Package: eso-pic 2015/07/21 v2.0g eso-pic (RN)
)) (math_definition.tex
\c@thm=\count295
)
("A:\MiKTeX 2.9\tex\latex\listings\lstlang1.sty"
File: lstlang1.sty 2015/06/04 1.6 listings language file
)
("A:\MiKTeX 2.9\tex\latex\listings\lstmisc.sty"
File: lstmisc.sty 2015/06/04 1.6 (Carsten Heinz)
)
.................................................
. LaTeX info: "xparse/define-command"
. 
. Defining command \codeword with sig. 'v' on line 63.
.................................................
 (ps0.aux)
\openout1 = `ps0.aux'.

LaTeX Font Info:    Checking defaults for OML/cmm/m/it on input line 70.
LaTeX Font Info:    ... okay on input line 70.
LaTeX Font Info:    Checking defaults for T1/cmr/m/n on input line 70.
LaTeX Font Info:    ... okay on input line 70.
LaTeX Font Info:    Checking defaults for OT1/cmr/m/n on input line 70.
LaTeX Font Info:    ... okay on input line 70.
LaTeX Font Info:    Checking defaults for OMS/cmsy/m/n on input line 70.
LaTeX Font Info:    ... okay on input line 70.
LaTeX Font Info:    Checking defaults for OMX/cmex/m/n on input line 70.
LaTeX Font Info:    ... okay on input line 70.
LaTeX Font Info:    Checking defaults for U/cmr/m/n on input line 70.
LaTeX Font Info:    ... okay on input line 70.
LaTeX Font Info:    Checking defaults for TS1/cmr/m/n on input line 70.
LaTeX Font Info:    Try loading font information for TS1+cmr on input line 70.

("A:\MiKTeX 2.9\tex\latex\base\ts1cmr.fd"
File: ts1cmr.fd 2014/09/29 v2.5h Standard LaTeX font definitions
)
LaTeX Font Info:    ... okay on input line 70.
LaTeX Font Info:    Checking defaults for PD1/pdf/m/n on input line 70.
LaTeX Font Info:    ... okay on input line 70.

*geometry* driver: auto-detecting
*geometry* detected driver: pdftex
*geometry* verbose mode - [ preamble ] result:
* driver: pdftex
* paper: <default>
* layout: <same size as paper>
* layoutoffset:(h,v)=(0.0pt,0.0pt)
* modes: 
* h-part:(L,W,R)=(72.26999pt, 469.75502pt, 72.26999pt)
* v-part:(T,H,B)=(72.26999pt, 650.43001pt, 72.26999pt)
* \paperwidth=614.295pt
* \paperheight=794.96999pt
* \textwidth=469.75502pt
* \textheight=650.43001pt
* \oddsidemargin=0.0pt
* \evensidemargin=0.0pt
* \topmargin=0.0pt
* \headheight=0.0pt
* \headsep=0.0pt
* \topskip=11.0pt
* \footskip=29.0pt
* \marginparwidth=36.135pt
* \marginparsep=5.0pt
* \columnsep=10.0pt
* \skip\footins=10.0pt plus 4.0pt minus 2.0pt
* \hoffset=0.0pt
* \voffset=0.0pt
* \mag=1000
* \@twocolumnfalse
* \@twosidefalse
* \@mparswitchfalse
* \@reversemarginfalse
* (1in=72.27pt=25.4mm, 1cm=28.453pt)

("A:\MiKTeX 2.9\tex\context\base\supp-pdf.mkii"
[Loading MPS to PDF converter (version 2006.09.02).]
\scratchcounter=\count296
\scratchdimen=\dimen283
\scratchbox=\box65
\nofMPsegments=\count297
\nofMParguments=\count298
\everyMPshowfont=\toks53
\MPscratchCnt=\count299
\MPscratchDim=\dimen284
\MPnumerator=\count300
\makeMPintoPDFobject=\count301
\everyMPtoPDFconversion=\toks54
) ("A:\MiKTeX 2.9\tex\latex\oberdiek\epstopdf-base.sty"
Package: epstopdf-base 2016/05/15 v2.6 Base part for package epstopdf

("A:\MiKTeX 2.9\tex\latex\oberdiek\grfext.sty"
Package: grfext 2016/05/16 v1.2 Manage graphics extensions (HO)
)
Package epstopdf-base Info: Redefining graphics rule for `.eps' on input line 4
38.
Package grfext Info: Graphics extension search list:
(grfext)             [.png,.pdf,.jpg,.mps,.jpeg,.jbig2,.jb2,.PNG,.PDF,.JPG,.JPE
G,.JBIG2,.JB2,.eps]
(grfext)             \AppendGraphicsExtensions on input line 456.
)
Package caption Info: Begin \AtBeginDocument code.
Package caption Info: subfig package v1.3 is loaded.
Package caption Info: hyperref package is loaded.
Package caption Info: listings package is loaded.
Package caption Info: End \AtBeginDocument code.

ABD: EveryShipout initializing macros
\c@lstlisting=\count302
\AtBeginShipoutBox=\box66
Package hyperref Info: Link coloring ON on input line 70.

("A:\MiKTeX 2.9\tex\latex\hyperref\nameref.sty"
Package: nameref 2016/05/21 v2.44 Cross-referencing by name of section

("A:\MiKTeX 2.9\tex\generic\oberdiek\gettitlestring.sty"
Package: gettitlestring 2016/05/16 v1.5 Cleanup title references (HO)
)
\c@section@level=\count303
)
LaTeX Info: Redefining \ref on input line 70.
LaTeX Info: Redefining \pageref on input line 70.
LaTeX Info: Redefining \nameref on input line 70.
 (ps0.out) (ps0.out)
\@outlinefile=\write5
\openout5 = `ps0.out'.

LaTeX Font Info:    Try loading font information for U+msa on input line 81.

("A:\MiKTeX 2.9\tex\latex\amsfonts\umsa.fd"
File: umsa.fd 2013/01/14 v3.01 AMS symbols A
)
LaTeX Font Info:    Try loading font information for U+msb on input line 81.

("A:\MiKTeX 2.9\tex\latex\amsfonts\umsb.fd"
File: umsb.fd 2013/01/14 v3.01 AMS symbols B
)
LaTeX Font Info:    Try loading font information for U+stmry on input line 81.

("A:\MiKTeX 2.9\tex\latex\stmaryrd\ustmry.fd")

LaTeX Font Warning: Font shape `U/stmry/b/n' undefined
(Font)              using `U/stmry/m/n' instead on input line 81.

LaTeX Font Info:    Try loading font information for T1+cmtt on input line 81.
("A:\MiKTeX 2.9\tex\latex\base\t1cmtt.fd"
File: t1cmtt.fd 2014/09/29 v2.5h Standard LaTeX font definitions
)
Overfull \hbox (27.06235pt too wide) in paragraph at lines 93--97
[][]$\T1/cmtt/m/n/10.95 https : / / www . cc . gatech . edu / classes / AY2020 
/ cs7643 _ fall / assets / ps0 . zip$[][]\T1/cmr/m/n/10.95 ), but scanned
 []

[1

{C:/ProgramData/MiKTeX/2.9/pdftex/config/pdftex.map}] (mcq.tex
Underfull \hbox (badness 10000) in paragraph at lines 37--41

 []


Underfull \hbox (badness 10000) in paragraph at lines 61--62

 []

[2]) [3] (proofs.tex [4]
Underfull \hbox (badness 10000) in paragraph at lines 59--65

 []

[5] [6] [7]) [8]
This exam contains 0 questions with 0 parts, 0 subparts, and 0 subsubparts.
Package atveryend Info: Empty hook `BeforeClearDocument' on input line 122.
Package atveryend Info: Empty hook `AfterLastShipout' on input line 122.
(ps0.aux)
Package atveryend Info: Executing hook `AtVeryEndDocument' on input line 122.


 *File List*
    exam.cls    2015/05/07 Version 2.5 by Philip Hirschhorn
  ifthen.sty    2014/09/29 v1.1c Standard LaTeX ifthen package (DPC)
 article.cls    2014/09/29 v1.4h Standard LaTeX document class
  size11.clo    2014/09/29 v1.4h Standard LaTeX file (size option)
fullpage.sty    1999/02/23 1.1 (PWD)
geometry.sty    2010/09/12 v5.6 Page Geometry
  keyval.sty    2014/10/28 v1.15 key=value parser (DPC)
   ifpdf.sty    2017/03/15 v3.2 Provides the ifpdf switch
  ifvtex.sty    2016/05/16 v1.6 Detect VTeX and its facilities (HO)
 ifxetex.sty    2010/09/12 v0.6 Provides ifxetex conditional
geometry.cfg
 relsize.sty    2003/07/04 ver 3.1
 fontenc.sty
   t1enc.def    2017/04/05 v2.0i Standard LaTeX file
inputenc.sty    2015/03/17 v1.2c Input encoding file
  latin1.def    2015/03/17 v1.2c Input encoding file
   babel.sty    2017/04/28 3.9t The Babel package
 bblopts.cfg    2005/09/08 v0.1 add Arabic and Farsi to "declared" options of b
abel
 english.ldf    2017/01/24 v3.3q English support from the babel system
  epsfig.sty    1999/02/16 v1.7a (e)psfig emulation (SPQR)
graphicx.sty    2014/10/28 v1.0g Enhanced LaTeX Graphics (DPC,SPQR)
graphics.sty    2017/04/14 v1.1b Standard LaTeX Graphics (DPC,SPQR)
    trig.sty    2016/01/03 v1.10 sin cos tan (DPC)
graphics.cfg    2016/06/04 v1.11 sample graphics configuration
  pdftex.def    2017/01/12 v0.06k Graphics/color for pdfTeX
infwarerr.sty    2016/05/16 v1.4 Providing info/warning/error messages (HO)
 ltxcmds.sty    2016/05/16 v1.23 LaTeX kernel commands for general use (HO)
 wrapfig.sty    2003/01/31  v 3.6
  subfig.sty    2005/06/28 ver: 1.3 subfig package
 caption.sty    2016/02/21 v3.3-144 Customizing captions (AR)
caption3.sty    2016/05/22 v1.7-166 caption3 kernel (AR)
    tikz.sty    2015/08/07 v3.0.1a (rcs-revision 1.151)
     pgf.sty    2015/08/07 v3.0.1a (rcs-revision 1.15)
  pgfrcs.sty    2015/08/07 v3.0.1a (rcs-revision 1.31)
everyshi.sty    2001/05/15 v3.00 EveryShipout Package (MS)
  pgfrcs.code.tex
 pgfcore.sty    2010/04/11 v3.0.1a (rcs-revision 1.7)
  pgfsys.sty    2014/07/09 v3.0.1a (rcs-revision 1.48)
  pgfsys.code.tex
pgfsyssoftpath.code.tex    2013/09/09  (rcs-revision 1.9)
pgfsysprotocol.code.tex    2006/10/16  (rcs-revision 1.4)
  xcolor.sty    2016/05/11 v2.12 LaTeX color extensions (UK)
   color.cfg    2016/01/02 v1.6 sample color configuration
 pgfcore.code.tex
pgfcomp-version-0-65.sty    2007/07/03 v3.0.1a (rcs-revision 1.7)
pgfcomp-version-1-18.sty    2007/07/23 v3.0.1a (rcs-revision 1.1)
  pgffor.sty    2013/12/13 v3.0.1a (rcs-revision 1.25)
 pgfkeys.sty    
 pgfkeys.code.tex
 pgfmath.sty    
 pgfmath.code.tex
  pgffor.code.tex
    tikz.code.tex
 amsmath.sty    2016/11/05 v2.16a AMS math features
 amstext.sty    2000/06/29 v2.01 AMS text
  amsgen.sty    1999/11/30 v2.0 generic functions
  amsbsy.sty    1999/11/29 v1.2d Bold Symbols
  amsopn.sty    2016/03/08 v2.02 operator names
  amsthm.sty    2015/03/04 v2.20.2
 amssymb.sty    2013/01/14 v3.01 AMS font symbols
amsfonts.sty    2013/01/14 v3.01 Basic AMSFonts support
textcomp.sty    2017/04/05 v2.0i Standard LaTeX package
  ts1enc.def    2001/06/05 v3.0e (jk/car/fm) Standard LaTeX file
stmaryrd.sty    1994/03/03 St Mary's Road symbol package
 upgreek.sty    2003/02/12 v2.0 (WaS)
      bm.sty    2017/01/16 v1.2c Bold Symbol Support (DPC/FMi)
   cases.sty    2002/05/02 ver 2.5 
listings.sty    2015/06/04 1.6 (Carsten Heinz)
 lstmisc.sty    2015/06/04 1.6 (Carsten Heinz)
listings.cfg    2015/06/04 1.6 listings configuration
     url.sty    2013/09/16  ver 3.4  Verb mode for urls, etc.
breakurl.sty    2013/04/10 v1.40 Breakable hyperref URLs
 xkeyval.sty    2014/12/03 v2.7a package option processing (HA)
 xkeyval.tex    2014/12/03 v2.7a key=value parser (HA)
hyperref.sty    2017/03/14 v6.85a Hypertext links for LaTeX
hobsub-hyperref.sty    2016/05/16 v1.14 Bundle oberdiek, subset hyperref (HO)
hobsub-generic.sty    2016/05/16 v1.14 Bundle oberdiek, subset generic (HO)
  hobsub.sty    2016/05/16 v1.14 Construct package bundles (HO)
ifluatex.sty    2016/05/16 v1.4 Provides the ifluatex switch (HO)
 intcalc.sty    2016/05/16 v1.2 Expandable calculations with integers (HO)
etexcmds.sty    2016/05/16 v1.6 Avoid name clashes with e-TeX commands (HO)
kvsetkeys.sty    2016/05/16 v1.17 Key value parser (HO)
kvdefinekeys.sty    2016/05/16 v1.4 Define keys (HO)
pdftexcmds.sty    2017/03/19 v0.25 Utility functions of pdfTeX for LuaTeX (HO)
pdfescape.sty    2016/05/16 v1.14 Implements pdfTeX's escape features (HO)
bigintcalc.sty    2016/05/16 v1.4 Expandable calculations on big integers (HO)
  bitset.sty    2016/05/16 v1.2 Handle bit-vector datatype (HO)
uniquecounter.sty    2016/05/16 v1.3 Provide unlimited unique counter (HO)
letltxmacro.sty    2016/05/16 v1.5 Let assignment for LaTeX macros (HO)
 hopatch.sty    2016/05/16 v1.3 Wrapper for package hooks (HO)
xcolor-patch.sty    2016/05/16 xcolor patch
atveryend.sty    2016/05/16 v1.9 Hooks at the very end of document (HO)
atbegshi.sty    2016/06/09 v1.18 At begin shipout hook (HO)
refcount.sty    2016/05/16 v3.5 Data extraction from label references (HO)
 hycolor.sty    2016/05/16 v1.8 Color options for hyperref/bookmark (HO)
 auxhook.sty    2016/05/16 v1.4 Hooks for auxiliary files (HO)
kvoptions.sty    2016/05/16 v3.12 Key value format for package options (HO)
  pd1enc.def    2017/03/14 v6.85a Hyperref: PDFDocEncoding definition (HO)
hyperref.cfg    2002/06/06 v1.2 hyperref configuration of TeXLive
 hpdftex.def    2017/03/14 v6.85a Hyperref driver for pdfTeX
rerunfilecheck.sty    2016/05/16 v1.8 Rerun checks for auxiliary files (HO)
  xspace.sty    2014/10/28 v1.13 Space after command names (DPC,MH)
 comment.sty    
afterpage.sty    2014/10/28 v1.08 After-Page Package (DPC)
    ulem.sty    2012/05/18
enumitem.sty    2011/09/28 v3.5.2 Customized lists
  xparse.sty    2017/05/13 L3 Experimental document command parser
   expl3.sty    2017/05/13 L3 programming layer (loader) 
expl3-code.tex    2017/05/13 L3 programming layer 
l3pdfmode.def    2017/03/18 v L3 Experimental driver: PDF mode
mysymbols.sty    
 eso-pic.sty    2015/07/21 v2.0g eso-pic (RN)
math_definition.tex
lstlang1.sty    2015/06/04 1.6 listings language file
 lstmisc.sty    2015/06/04 1.6 (Carsten Heinz)
  ts1cmr.fd    2014/09/29 v2.5h Standard LaTeX font definitions
supp-pdf.mkii
epstopdf-base.sty    2016/05/15 v2.6 Base part for package epstopdf
  grfext.sty    2016/05/16 v1.2 Manage graphics extensions (HO)
 nameref.sty    2016/05/21 v2.44 Cross-referencing by name of section
gettitlestring.sty    2016/05/16 v1.5 Cleanup title references (HO)
     ps0.out
     ps0.out
    umsa.fd    2013/01/14 v3.01 AMS symbols A
    umsb.fd    2013/01/14 v3.01 AMS symbols B
  ustmry.fd
  t1cmtt.fd    2014/09/29 v2.5h Standard LaTeX font definitions
     mcq.tex
  proofs.tex
 ***********

Package atveryend Info: Executing hook `AtEndAfterFileList' on input line 122.
Package rerunfilecheck Info: File `ps0.out' has not changed.
(rerunfilecheck)             Checksum: 68C2EEBE63C22DE3A464A97E9285A14E;103.

LaTeX Font Warning: Some font shapes were not available, defaults substituted.

Package atveryend Info: Empty hook `AtVeryVeryEnd' on input line 122.
 ) 
Here is how much of TeX's memory you used:
 29703 strings out of 493320
 536164 string characters out of 3145002
 622018 words of memory out of 3000000
 32732 multiletter control sequences out of 15000+200000
 24948 words of font info for 73 fonts, out of 3000000 for 9000
 1141 hyphenation exceptions out of 8191
 55i,21n,72p,10356b,607s stack positions out of 5000i,500n,10000p,200000b,50000s
{A:/MiKTeX 2.9/fonts/enc/dvips/cm-super/cm-super-t1.enc}{A:/MiKTeX 2.9/fonts/
enc/dvips/cm-super/cm-super-ts1.enc}<A:/MiKTeX 2.9/fonts/type1/public/amsfonts/
cm/cmbx10.pfb><A:/MiKTeX 2.9/fonts/type1/public/amsfonts/cm/cmbx8.pfb><A:/MiKTe
X 2.9/fonts/type1/public/amsfonts/cm/cmex10.pfb><A:/MiKTeX 2.9/fonts/type1/publ
ic/amsfonts/cmextra/cmex8.pfb><A:/MiKTeX 2.9/fonts/type1/public/amsfonts/cm/cmm
i10.pfb><A:/MiKTeX 2.9/fonts/type1/public/amsfonts/cm/cmmi6.pfb><A:/MiKTeX 2.9/
fonts/type1/public/amsfonts/cm/cmmi8.pfb><A:/MiKTeX 2.9/fonts/type1/public/amsf
onts/cm/cmr10.pfb><A:/MiKTeX 2.9/fonts/type1/public/amsfonts/cm/cmr6.pfb><A:/Mi
KTeX 2.9/fonts/type1/public/amsfonts/cm/cmr8.pfb><A:/MiKTeX 2.9/fonts/type1/pub
lic/amsfonts/cm/cmsy10.pfb><A:/MiKTeX 2.9/fonts/type1/public/amsfonts/cm/cmsy8.
pfb><A:/MiKTeX 2.9/fonts/type1/public/amsfonts/symbols/msam10.pfb><A:/MiKTeX 2.
9/fonts/type1/public/amsfonts/symbols/msbm10.pfb><A:/MiKTeX 2.9/fonts/type1/pub
lic/cm-super/sfbx1095.pfb><A:/MiKTeX 2.9/fonts/type1/public/cm-super/sfbx1440.p
fb><A:/MiKTeX 2.9/fonts/type1/public/cm-super/sfrm0800.pfb><A:/MiKTeX 2.9/fonts
/type1/public/cm-super/sfrm1095.pfb><A:/MiKTeX 2.9/fonts/type1/public/cm-super/
sfrm1200.pfb><A:/MiKTeX 2.9/fonts/type1/public/cm-super/sfrm1728.pfb><A:/MiKTeX
 2.9/fonts/type1/public/cm-super/sfti1095.pfb><A:/MiKTeX 2.9/fonts/type1/public
/cm-super/sftt1095.pfb><A:/MiKTeX 2.9/fonts/type1/public/cm-super/sftt1200.pfb>

Output written on ps0.pdf (8 pages, 342896 bytes).
PDF statistics:
 190 PDF objects out of 1000 (max. 8388607)
 39 named destinations out of 1000 (max. 500000)
 29 words of extra memory for PDF output out of 10000 (max. 10000000)

